# Logfile created on 2015-05-23 11:15:59 -0400 by logger.rb/44203
I, [2015-05-23T11:15:59.804060 #3958]  INFO -- : FFFFF..FFFFFFF

Failures:

  1) Unixoid test 1. should have a my/private/files directory
     Failure/Error: expect(File.exist?('my/private/files')).to be true
       
       expected true
            got false
     # /Users/Jack/.rvm/gems/ruby-2.1.5/gems/unixoid-challenge-0.1.3/challenge_spec.rb:6:in `block (2 levels) in <top (required)>'

  2) Unixoid test 2. should have a my/public/files directory
     Failure/Error: expect(File.exist?('my/public/files')).to be true
       
       expected true
            got false
     # /Users/Jack/.rvm/gems/ruby-2.1.5/gems/unixoid-challenge-0.1.3/challenge_spec.rb:10:in `block (2 levels) in <top (required)>'

  3) Unixoid test 3. should have a my/private/files/t-vars.env file
     Failure/Error: expect(File.exist?('my/private/files/t-vars.env')).to be true
       
       expected true
            got false
     # /Users/Jack/.rvm/gems/ruby-2.1.5/gems/unixoid-challenge-0.1.3/challenge_spec.rb:14:in `block (2 levels) in <top (required)>'

  4) Unixoid test 4. should have 'List of env vars that begin with T' on first line of t-vars.env
     Failure/Error: lines = File.readlines('my/private/files/t-vars.env')
     Errno::ENOENT:
       No such file or directory @ rb_sysopen - my/private/files/t-vars.env
     # /Users/Jack/.rvm/gems/ruby-2.1.5/gems/unixoid-challenge-0.1.3/challenge_spec.rb:18:in `readlines'
     # /Users/Jack/.rvm/gems/ruby-2.1.5/gems/unixoid-challenge-0.1.3/challenge_spec.rb:18:in `block (2 levels) in <top (required)>'

  5) Unixoid test 5. should have the list of env vars that begin with T in t-vars.env
     Failure/Error: lines = File.readlines('my/private/files/t-vars.env')
     Errno::ENOENT:
       No such file or directory @ rb_sysopen - my/private/files/t-vars.env
     # /Users/Jack/.rvm/gems/ruby-2.1.5/gems/unixoid-challenge-0.1.3/challenge_spec.rb:23:in `readlines'
     # /Users/Jack/.rvm/gems/ruby-2.1.5/gems/unixoid-challenge-0.1.3/challenge_spec.rb:23:in `block (2 levels) in <top (required)>'

  6) Unixoid test 8. should have t-vars.count in my/public/files with an overall count
     Failure/Error: expect(File.exist?('my/public/files/t-vars.count')).to be true
       
       expected true
            got false
     # /Users/Jack/.rvm/gems/ruby-2.1.5/gems/unixoid-challenge-0.1.3/challenge_spec.rb:38:in `block (2 levels) in <top (required)>'

  7) Unixoid test 9. should have rw access for the owner only on my/private/files/t-vars.env
     Failure/Error: permissions = File.stat(file).mode
     Errno::ENOENT:
       No such file or directory @ rb_file_s_stat - my/private/files/t-vars.env
     # /Users/Jack/.rvm/gems/ruby-2.1.5/gems/unixoid-challenge-0.1.3/challenge_spec.rb:44:in `stat'
     # /Users/Jack/.rvm/gems/ruby-2.1.5/gems/unixoid-challenge-0.1.3/challenge_spec.rb:44:in `block (2 levels) in <top (required)>'

  8) Unixoid test 10. should only allow the owner to change into my/private/files
     Failure/Error: permissions = File.stat(folder).mode
     Errno::ENOENT:
       No such file or directory @ rb_file_s_stat - my/private/files
     # /Users/Jack/.rvm/gems/ruby-2.1.5/gems/unixoid-challenge-0.1.3/challenge_spec.rb:50:in `stat'
     # /Users/Jack/.rvm/gems/ruby-2.1.5/gems/unixoid-challenge-0.1.3/challenge_spec.rb:50:in `block (2 levels) in <top (required)>'

  9) Unixoid test 11. should have rw permissions for all users on my/public/files/t-vars.count
     Failure/Error: t_vars_permissions = File.stat('my/public/files/t-vars.count').mode
     Errno::ENOENT:
       No such file or directory @ rb_file_s_stat - my/public/files/t-vars.count
     # /Users/Jack/.rvm/gems/ruby-2.1.5/gems/unixoid-challenge-0.1.3/challenge_spec.rb:57:in `stat'
     # /Users/Jack/.rvm/gems/ruby-2.1.5/gems/unixoid-challenge-0.1.3/challenge_spec.rb:57:in `block (2 levels) in <top (required)>'

  10) Unixoid test 12. should have the count of text files in my/public/files/text-files-count.txt
     Failure/Error: expect(File.read('my/public/files/text-files-count.txt')).to match(/^\s*\d{2,6}\s*$/)
     Errno::ENOENT:
       No such file or directory @ rb_sysopen - my/public/files/text-files-count.txt
     # /Users/Jack/.rvm/gems/ruby-2.1.5/gems/unixoid-challenge-0.1.3/challenge_spec.rb:62:in `read'
     # /Users/Jack/.rvm/gems/ruby-2.1.5/gems/unixoid-challenge-0.1.3/challenge_spec.rb:62:in `block (2 levels) in <top (required)>'

  11) Unixoid test 13. should have the the first three env vars in my/private/files/first-three-env.txt
     Failure/Error: lines = File.readlines('my/private/files/first-three-env.txt').map(&:chomp)
     Errno::ENOENT:
       No such file or directory @ rb_sysopen - my/private/files/first-three-env.txt
     # /Users/Jack/.rvm/gems/ruby-2.1.5/gems/unixoid-challenge-0.1.3/challenge_spec.rb:66:in `readlines'
     # /Users/Jack/.rvm/gems/ruby-2.1.5/gems/unixoid-challenge-0.1.3/challenge_spec.rb:66:in `block (2 levels) in <top (required)>'

  12) Unixoid test 14. should have commands.txt in my/private/files
     Failure/Error: expect(File.exist?('my/private/files/commands.txt')).to be true
       
       expected true
            got false
     # /Users/Jack/.rvm/gems/ruby-2.1.5/gems/unixoid-challenge-0.1.3/challenge_spec.rb:73:in `block (2 levels) in <top (required)>'

Finished in 0.00249 seconds (files took 0.09116 seconds to load)
14 examples, 12 failures

Failed examples:

rspec /Users/Jack/.rvm/gems/ruby-2.1.5/gems/unixoid-challenge-0.1.3/challenge_spec.rb:5 # Unixoid test 1. should have a my/private/files directory
rspec /Users/Jack/.rvm/gems/ruby-2.1.5/gems/unixoid-challenge-0.1.3/challenge_spec.rb:9 # Unixoid test 2. should have a my/public/files directory
rspec /Users/Jack/.rvm/gems/ruby-2.1.5/gems/unixoid-challenge-0.1.3/challenge_spec.rb:13 # Unixoid test 3. should have a my/private/files/t-vars.env file
rspec /Users/Jack/.rvm/gems/ruby-2.1.5/gems/unixoid-challenge-0.1.3/challenge_spec.rb:17 # Unixoid test 4. should have 'List of env vars that begin with T' on first line of t-vars.env
rspec /Users/Jack/.rvm/gems/ruby-2.1.5/gems/unixoid-challenge-0.1.3/challenge_spec.rb:22 # Unixoid test 5. should have the list of env vars that begin with T in t-vars.env
rspec /Users/Jack/.rvm/gems/ruby-2.1.5/gems/unixoid-challenge-0.1.3/challenge_spec.rb:37 # Unixoid test 8. should have t-vars.count in my/public/files with an overall count
rspec /Users/Jack/.rvm/gems/ruby-2.1.5/gems/unixoid-challenge-0.1.3/challenge_spec.rb:42 # Unixoid test 9. should have rw access for the owner only on my/private/files/t-vars.env
rspec /Users/Jack/.rvm/gems/ruby-2.1.5/gems/unixoid-challenge-0.1.3/challenge_spec.rb:48 # Unixoid test 10. should only allow the owner to change into my/private/files
rspec /Users/Jack/.rvm/gems/ruby-2.1.5/gems/unixoid-challenge-0.1.3/challenge_spec.rb:56 # Unixoid test 11. should have rw permissions for all users on my/public/files/t-vars.count
rspec /Users/Jack/.rvm/gems/ruby-2.1.5/gems/unixoid-challenge-0.1.3/challenge_spec.rb:61 # Unixoid test 12. should have the count of text files in my/public/files/text-files-count.txt
rspec /Users/Jack/.rvm/gems/ruby-2.1.5/gems/unixoid-challenge-0.1.3/challenge_spec.rb:65 # Unixoid test 13. should have the the first three env vars in my/private/files/first-three-env.txt
rspec /Users/Jack/.rvm/gems/ruby-2.1.5/gems/unixoid-challenge-0.1.3/challenge_spec.rb:72 # Unixoid test 14. should have commands.txt in my/private/files


I, [2015-05-23T11:16:06.837698 #3958]  INFO -- : {
  "message": "Bad credentials",
  "documentation_url": "https://developer.github.com/v3"
}

