# Logfile created on 2015-05-23 11:11:27 -0400 by logger.rb/44203
I, [2015-05-23T11:11:27.537394 #3819]  INFO -- : FFFFF..FFFFFFF

Failures:

  1) Unixoid test 1. should have a my/private/files directory
     Failure/Error: expect(File.exist?('my/private/files')).to be true
       
       expected true
            got false
     # /Users/Jack/.rvm/gems/ruby-2.1.5/gems/unixoid-challenge-0.1.3/challenge_spec.rb:6:in `block (2 levels) in <top (required)>'

  2) Unixoid test 2. should have a my/public/files directory
     Failure/Error: expect(File.exist?('my/public/files')).to be true
       
       expected true
            got false
     # /Users/Jack/.rvm/gems/ruby-2.1.5/gems/unixoid-challenge-0.1.3/challenge_spec.rb:10:in `block (2 levels) in <top (required)>'

  3) Unixoid test 3. should have a my/private/files/t-vars.env file
     Failure/Error: expect(File.exist?('my/private/files/t-vars.env')).to be true
       
       expected true
            got false
     # /Users/Jack/.rvm/gems/ruby-2.1.5/gems/unixoid-challenge-0.1.3/challenge_spec.rb:14:in `block (2 levels) in <top (required)>'

  4) Unixoid test 4. should have 'List of env vars that begin with T' on first line of t-vars.env
     Failure/Error: lines = File.readlines('my/private/files/t-vars.env')
     Errno::ENOENT:
       No such file or directory @ rb_sysopen - my/private/files/t-vars.env
     # /Users/Jack/.rvm/gems/ruby-2.1.5/gems/unixoid-challenge-0.1.3/challenge_spec.rb:18:in `readlines'
     # /Users/Jack/.rvm/gems/ruby-2.1.5/gems/unixoid-challenge-0.1.3/challenge_spec.rb:18:in `block (2 levels) in <top (required)>'

  5) Unixoid test 5. should have the list of env vars that begin with T in t-vars.env
     Failure/Error: lines = File.readlines('my/private/files/t-vars.env')
     Errno::ENOENT:
       No such file or directory @ rb_sysopen - my/private/files/t-vars.env
     # /Users/Jack/.rvm/gems/ruby-2.1.5/gems/unixoid-challenge-0.1.3/challenge_spec.rb:23:in `readlines'
     # /Users/Jack/.rvm/gems/ruby-2.1.5/gems/unixoid-challenge-0.1.3/challenge_spec.rb:23:in `block (2 levels) in <top (required)>'

  6) Unixoid test 8. should have t-vars.count in my/public/files with an overall count
     Failure/Error: expect(File.exist?('my/public/files/t-vars.count')).to be true
       
       expected true
            got false
     # /Users/Jack/.rvm/gems/ruby-2.1.5/gems/unixoid-challenge-0.1.3/challenge_spec.rb:38:in `block (2 levels) in <top (required)>'

  7) Unixoid test 9. should have rw access for the owner only on my/private/files/t-vars.env
     Failure/Error: permissions = File.stat(file).mode
     Errno::ENOENT:
       No such file or directory @ rb_file_s_stat - my/private/files/t-vars.env
     # /Users/Jack/.rvm/gems/ruby-2.1.5/gems/unixoid-challenge-0.1.3/challenge_spec.rb:44:in `stat'
     # /Users/Jack/.rvm/gems/ruby-2.1.5/gems/unixoid-challenge-0.1.3/challenge_spec.rb:44:in `block (2 levels) in <top (required)>'

  8) Unixoid test 10. should only allow the owner to change into my/private/files
     Failure/Error: permissions = File.stat(folder).mode
     Errno::ENOENT:
       No such file or directory @ rb_file_s_stat - my/private/files
     # /Users/Jack/.rvm/gems/ruby-2.1.5/gems/unixoid-challenge-0.1.3/challenge_spec.rb:50:in `stat'
     # /Users/Jack/.rvm/gems/ruby-2.1.5/gems/unixoid-challenge-0.1.3/challenge_spec.rb:50:in `block (2 levels) in <top (required)>'

  9) Unixoid test 11. should have rw permissions for all users on my/public/files/t-vars.count
     Failure/Error: t_vars_permissions = File.stat('my/public/files/t-vars.count').mode
     Errno::ENOENT:
       No such file or directory @ rb_file_s_stat - my/public/files/t-vars.count
     # /Users/Jack/.rvm/gems/ruby-2.1.5/gems/unixoid-challenge-0.1.3/challenge_spec.rb:57:in `stat'
     # /Users/Jack/.rvm/gems/ruby-2.1.5/gems/unixoid-challenge-0.1.3/challenge_spec.rb:57:in `block (2 levels) in <top (required)>'

  10) Unixoid test 12. should have the count of text files in my/public/files/text-files-count.txt
     Failure/Error: expect(File.read('my/public/files/text-files-count.txt')).to match(/^\s*\d{2,6}\s*$/)
     Errno::ENOENT:
       No such file or directory @ rb_sysopen - my/public/files/text-files-count.txt
     # /Users/Jack/.rvm/gems/ruby-2.1.5/gems/unixoid-challenge-0.1.3/challenge_spec.rb:62:in `read'
     # /Users/Jack/.rvm/gems/ruby-2.1.5/gems/unixoid-challenge-0.1.3/challenge_spec.rb:62:in `block (2 levels) in <top (required)>'

  11) Unixoid test 13. should have the the first three env vars in my/private/files/first-three-env.txt
     Failure/Error: lines = File.readlines('my/private/files/first-three-env.txt').map(&:chomp)
     Errno::ENOENT:
       No such file or directory @ rb_sysopen - my/private/files/first-three-env.txt
     # /Users/Jack/.rvm/gems/ruby-2.1.5/gems/unixoid-challenge-0.1.3/challenge_spec.rb:66:in `readlines'
     # /Users/Jack/.rvm/gems/ruby-2.1.5/gems/unixoid-challenge-0.1.3/challenge_spec.rb:66:in `block (2 levels) in <top (required)>'

  12) Unixoid test 14. should have commands.txt in my/private/files
     Failure/Error: expect(File.exist?('my/private/files/commands.txt')).to be true
       
       expected true
            got false
     # /Users/Jack/.rvm/gems/ruby-2.1.5/gems/unixoid-challenge-0.1.3/challenge_spec.rb:73:in `block (2 levels) in <top (required)>'

Finished in 0.007 seconds (files took 0.20365 seconds to load)
14 examples, 12 failures

Failed examples:

rspec /Users/Jack/.rvm/gems/ruby-2.1.5/gems/unixoid-challenge-0.1.3/challenge_spec.rb:5 # Unixoid test 1. should have a my/private/files directory
rspec /Users/Jack/.rvm/gems/ruby-2.1.5/gems/unixoid-challenge-0.1.3/challenge_spec.rb:9 # Unixoid test 2. should have a my/public/files directory
rspec /Users/Jack/.rvm/gems/ruby-2.1.5/gems/unixoid-challenge-0.1.3/challenge_spec.rb:13 # Unixoid test 3. should have a my/private/files/t-vars.env file
rspec /Users/Jack/.rvm/gems/ruby-2.1.5/gems/unixoid-challenge-0.1.3/challenge_spec.rb:17 # Unixoid test 4. should have 'List of env vars that begin with T' on first line of t-vars.env
rspec /Users/Jack/.rvm/gems/ruby-2.1.5/gems/unixoid-challenge-0.1.3/challenge_spec.rb:22 # Unixoid test 5. should have the list of env vars that begin with T in t-vars.env
rspec /Users/Jack/.rvm/gems/ruby-2.1.5/gems/unixoid-challenge-0.1.3/challenge_spec.rb:37 # Unixoid test 8. should have t-vars.count in my/public/files with an overall count
rspec /Users/Jack/.rvm/gems/ruby-2.1.5/gems/unixoid-challenge-0.1.3/challenge_spec.rb:42 # Unixoid test 9. should have rw access for the owner only on my/private/files/t-vars.env
rspec /Users/Jack/.rvm/gems/ruby-2.1.5/gems/unixoid-challenge-0.1.3/challenge_spec.rb:48 # Unixoid test 10. should only allow the owner to change into my/private/files
rspec /Users/Jack/.rvm/gems/ruby-2.1.5/gems/unixoid-challenge-0.1.3/challenge_spec.rb:56 # Unixoid test 11. should have rw permissions for all users on my/public/files/t-vars.count
rspec /Users/Jack/.rvm/gems/ruby-2.1.5/gems/unixoid-challenge-0.1.3/challenge_spec.rb:61 # Unixoid test 12. should have the count of text files in my/public/files/text-files-count.txt
rspec /Users/Jack/.rvm/gems/ruby-2.1.5/gems/unixoid-challenge-0.1.3/challenge_spec.rb:65 # Unixoid test 13. should have the the first three env vars in my/private/files/first-three-env.txt
rspec /Users/Jack/.rvm/gems/ruby-2.1.5/gems/unixoid-challenge-0.1.3/challenge_spec.rb:72 # Unixoid test 14. should have commands.txt in my/private/files


I, [2015-05-23T11:11:33.969634 #3819]  INFO -- : {
  "message": "Validation Failed",
  "errors": [
    {
      "resource": "Repository",
      "code": "custom",
      "field": "name",
      "message": "name already exists on this account"
    }
  ],
  "documentation_url": "https://developer.github.com/v3/repos/#create"
}

I, [2015-05-23T11:11:33.988191 #3819]  INFO -- : jack.halltipping@gmail.com

I, [2015-05-23T11:11:33.993610 #3819]  INFO -- : Jack Hall-Tipping

I, [2015-05-23T11:11:34.007980 #3819]  INFO -- : Initialized empty Git repository in /Users/Jack/Desktop/temp/.git/

I, [2015-05-23T11:11:34.016545 #3819]  INFO -- : 
I, [2015-05-23T11:11:34.026641 #3819]  INFO -- : [master (root-commit) ab231cf] Unixoid submission
 1 file changed, 1 insertion(+)
 create mode 100644 unixoid_results.txt

I, [2015-05-23T11:11:34.033823 #3819]  INFO -- : 
E, [2015-05-23T11:11:34.374404 #3819] ERROR -- : Command 'git push --force -u origin master 2>/dev/null' returned 128. Expected 0
Here is the command output:


I, [2015-05-23T11:11:34.381420 #3819]  INFO -- : 
I, [2015-05-23T11:12:05.483327 #3844]  INFO -- : ..FFF..FFFFFFF

Failures:

  1) Unixoid test 3. should have a my/private/files/t-vars.env file
     Failure/Error: expect(File.exist?('my/private/files/t-vars.env')).to be true
       
       expected true
            got false
     # /Users/Jack/.rvm/gems/ruby-2.1.5/gems/unixoid-challenge-0.1.3/challenge_spec.rb:14:in `block (2 levels) in <top (required)>'

  2) Unixoid test 4. should have 'List of env vars that begin with T' on first line of t-vars.env
     Failure/Error: lines = File.readlines('my/private/files/t-vars.env')
     Errno::ENOENT:
       No such file or directory @ rb_sysopen - my/private/files/t-vars.env
     # /Users/Jack/.rvm/gems/ruby-2.1.5/gems/unixoid-challenge-0.1.3/challenge_spec.rb:18:in `readlines'
     # /Users/Jack/.rvm/gems/ruby-2.1.5/gems/unixoid-challenge-0.1.3/challenge_spec.rb:18:in `block (2 levels) in <top (required)>'

  3) Unixoid test 5. should have the list of env vars that begin with T in t-vars.env
     Failure/Error: lines = File.readlines('my/private/files/t-vars.env')
     Errno::ENOENT:
       No such file or directory @ rb_sysopen - my/private/files/t-vars.env
     # /Users/Jack/.rvm/gems/ruby-2.1.5/gems/unixoid-challenge-0.1.3/challenge_spec.rb:23:in `readlines'
     # /Users/Jack/.rvm/gems/ruby-2.1.5/gems/unixoid-challenge-0.1.3/challenge_spec.rb:23:in `block (2 levels) in <top (required)>'

  4) Unixoid test 8. should have t-vars.count in my/public/files with an overall count
     Failure/Error: expect(File.exist?('my/public/files/t-vars.count')).to be true
       
       expected true
            got false
     # /Users/Jack/.rvm/gems/ruby-2.1.5/gems/unixoid-challenge-0.1.3/challenge_spec.rb:38:in `block (2 levels) in <top (required)>'

  5) Unixoid test 9. should have rw access for the owner only on my/private/files/t-vars.env
     Failure/Error: permissions = File.stat(file).mode
     Errno::ENOENT:
       No such file or directory @ rb_file_s_stat - my/private/files/t-vars.env
     # /Users/Jack/.rvm/gems/ruby-2.1.5/gems/unixoid-challenge-0.1.3/challenge_spec.rb:44:in `stat'
     # /Users/Jack/.rvm/gems/ruby-2.1.5/gems/unixoid-challenge-0.1.3/challenge_spec.rb:44:in `block (2 levels) in <top (required)>'

  6) Unixoid test 10. should only allow the owner to change into my/private/files
     Failure/Error: expect(permissions & 0000010).to eq(0)
       
       expected: 0
            got: 8
       
       (compared using ==)
     # /Users/Jack/.rvm/gems/ruby-2.1.5/gems/unixoid-challenge-0.1.3/challenge_spec.rb:52:in `block (2 levels) in <top (required)>'

  7) Unixoid test 11. should have rw permissions for all users on my/public/files/t-vars.count
     Failure/Error: t_vars_permissions = File.stat('my/public/files/t-vars.count').mode
     Errno::ENOENT:
       No such file or directory @ rb_file_s_stat - my/public/files/t-vars.count
     # /Users/Jack/.rvm/gems/ruby-2.1.5/gems/unixoid-challenge-0.1.3/challenge_spec.rb:57:in `stat'
     # /Users/Jack/.rvm/gems/ruby-2.1.5/gems/unixoid-challenge-0.1.3/challenge_spec.rb:57:in `block (2 levels) in <top (required)>'

  8) Unixoid test 12. should have the count of text files in my/public/files/text-files-count.txt
     Failure/Error: expect(File.read('my/public/files/text-files-count.txt')).to match(/^\s*\d{2,6}\s*$/)
     Errno::ENOENT:
       No such file or directory @ rb_sysopen - my/public/files/text-files-count.txt
     # /Users/Jack/.rvm/gems/ruby-2.1.5/gems/unixoid-challenge-0.1.3/challenge_spec.rb:62:in `read'
     # /Users/Jack/.rvm/gems/ruby-2.1.5/gems/unixoid-challenge-0.1.3/challenge_spec.rb:62:in `block (2 levels) in <top (required)>'

  9) Unixoid test 13. should have the the first three env vars in my/private/files/first-three-env.txt
     Failure/Error: lines = File.readlines('my/private/files/first-three-env.txt').map(&:chomp)
     Errno::ENOENT:
       No such file or directory @ rb_sysopen - my/private/files/first-three-env.txt
     # /Users/Jack/.rvm/gems/ruby-2.1.5/gems/unixoid-challenge-0.1.3/challenge_spec.rb:66:in `readlines'
     # /Users/Jack/.rvm/gems/ruby-2.1.5/gems/unixoid-challenge-0.1.3/challenge_spec.rb:66:in `block (2 levels) in <top (required)>'

  10) Unixoid test 14. should have commands.txt in my/private/files
     Failure/Error: expect(File.exist?('my/private/files/commands.txt')).to be true
       
       expected true
            got false
     # /Users/Jack/.rvm/gems/ruby-2.1.5/gems/unixoid-challenge-0.1.3/challenge_spec.rb:73:in `block (2 levels) in <top (required)>'

Finished in 0.00258 seconds (files took 0.08329 seconds to load)
14 examples, 10 failures

Failed examples:

rspec /Users/Jack/.rvm/gems/ruby-2.1.5/gems/unixoid-challenge-0.1.3/challenge_spec.rb:13 # Unixoid test 3. should have a my/private/files/t-vars.env file
rspec /Users/Jack/.rvm/gems/ruby-2.1.5/gems/unixoid-challenge-0.1.3/challenge_spec.rb:17 # Unixoid test 4. should have 'List of env vars that begin with T' on first line of t-vars.env
rspec /Users/Jack/.rvm/gems/ruby-2.1.5/gems/unixoid-challenge-0.1.3/challenge_spec.rb:22 # Unixoid test 5. should have the list of env vars that begin with T in t-vars.env
rspec /Users/Jack/.rvm/gems/ruby-2.1.5/gems/unixoid-challenge-0.1.3/challenge_spec.rb:37 # Unixoid test 8. should have t-vars.count in my/public/files with an overall count
rspec /Users/Jack/.rvm/gems/ruby-2.1.5/gems/unixoid-challenge-0.1.3/challenge_spec.rb:42 # Unixoid test 9. should have rw access for the owner only on my/private/files/t-vars.env
rspec /Users/Jack/.rvm/gems/ruby-2.1.5/gems/unixoid-challenge-0.1.3/challenge_spec.rb:48 # Unixoid test 10. should only allow the owner to change into my/private/files
rspec /Users/Jack/.rvm/gems/ruby-2.1.5/gems/unixoid-challenge-0.1.3/challenge_spec.rb:56 # Unixoid test 11. should have rw permissions for all users on my/public/files/t-vars.count
rspec /Users/Jack/.rvm/gems/ruby-2.1.5/gems/unixoid-challenge-0.1.3/challenge_spec.rb:61 # Unixoid test 12. should have the count of text files in my/public/files/text-files-count.txt
rspec /Users/Jack/.rvm/gems/ruby-2.1.5/gems/unixoid-challenge-0.1.3/challenge_spec.rb:65 # Unixoid test 13. should have the the first three env vars in my/private/files/first-three-env.txt
rspec /Users/Jack/.rvm/gems/ruby-2.1.5/gems/unixoid-challenge-0.1.3/challenge_spec.rb:72 # Unixoid test 14. should have commands.txt in my/private/files


I, [2015-05-23T11:12:10.822458 #3844]  INFO -- : {
  "message": "Validation Failed",
  "errors": [
    {
      "resource": "Repository",
      "code": "custom",
      "field": "name",
      "message": "name already exists on this account"
    }
  ],
  "documentation_url": "https://developer.github.com/v3/repos/#create"
}

I, [2015-05-23T11:12:10.828546 #3844]  INFO -- : jack.halltipping@gmail.com

I, [2015-05-23T11:12:10.833731 #3844]  INFO -- : Jack Hall-Tipping

I, [2015-05-23T11:12:10.840673 #3844]  INFO -- : Reinitialized existing Git repository in /Users/Jack/Desktop/temp/.git/

I, [2015-05-23T11:12:10.846739 #3844]  INFO -- : 
I, [2015-05-23T11:12:10.854656 #3844]  INFO -- : [master 1e87af7] Unixoid submission
 1 file changed, 1 insertion(+), 1 deletion(-)

I, [2015-05-23T11:12:10.861353 #3844]  INFO -- : 
E, [2015-05-23T11:12:11.196176 #3844] ERROR -- : Command 'git push --force -u origin master 2>/dev/null' returned 128. Expected 0
Here is the command output:


I, [2015-05-23T11:12:11.203282 #3844]  INFO -- : 
I, [2015-05-23T11:16:20.607308 #3974]  INFO -- : .......FFFFFFF

Failures:

  1) Unixoid test 8. should have t-vars.count in my/public/files with an overall count
     Failure/Error: expect(File.exist?('my/public/files/t-vars.count')).to be true
       
       expected true
            got false
     # /Users/Jack/.rvm/gems/ruby-2.1.5/gems/unixoid-challenge-0.1.3/challenge_spec.rb:38:in `block (2 levels) in <top (required)>'

  2) Unixoid test 9. should have rw access for the owner only on my/private/files/t-vars.env
     Failure/Error: expect(permissions).to eq(0100600) # rw for the user only
       
       expected: 33152
            got: 33188
       
       (compared using ==)
     # /Users/Jack/.rvm/gems/ruby-2.1.5/gems/unixoid-challenge-0.1.3/challenge_spec.rb:45:in `block (2 levels) in <top (required)>'

  3) Unixoid test 10. should only allow the owner to change into my/private/files
     Failure/Error: expect(permissions & 0000010).to eq(0)
       
       expected: 0
            got: 8
       
       (compared using ==)
     # /Users/Jack/.rvm/gems/ruby-2.1.5/gems/unixoid-challenge-0.1.3/challenge_spec.rb:52:in `block (2 levels) in <top (required)>'

  4) Unixoid test 11. should have rw permissions for all users on my/public/files/t-vars.count
     Failure/Error: t_vars_permissions = File.stat('my/public/files/t-vars.count').mode
     Errno::ENOENT:
       No such file or directory @ rb_file_s_stat - my/public/files/t-vars.count
     # /Users/Jack/.rvm/gems/ruby-2.1.5/gems/unixoid-challenge-0.1.3/challenge_spec.rb:57:in `stat'
     # /Users/Jack/.rvm/gems/ruby-2.1.5/gems/unixoid-challenge-0.1.3/challenge_spec.rb:57:in `block (2 levels) in <top (required)>'

  5) Unixoid test 12. should have the count of text files in my/public/files/text-files-count.txt
     Failure/Error: expect(File.read('my/public/files/text-files-count.txt')).to match(/^\s*\d{2,6}\s*$/)
     Errno::ENOENT:
       No such file or directory @ rb_sysopen - my/public/files/text-files-count.txt
     # /Users/Jack/.rvm/gems/ruby-2.1.5/gems/unixoid-challenge-0.1.3/challenge_spec.rb:62:in `read'
     # /Users/Jack/.rvm/gems/ruby-2.1.5/gems/unixoid-challenge-0.1.3/challenge_spec.rb:62:in `block (2 levels) in <top (required)>'

  6) Unixoid test 13. should have the the first three env vars in my/private/files/first-three-env.txt
     Failure/Error: lines = File.readlines('my/private/files/first-three-env.txt').map(&:chomp)
     Errno::ENOENT:
       No such file or directory @ rb_sysopen - my/private/files/first-three-env.txt
     # /Users/Jack/.rvm/gems/ruby-2.1.5/gems/unixoid-challenge-0.1.3/challenge_spec.rb:66:in `readlines'
     # /Users/Jack/.rvm/gems/ruby-2.1.5/gems/unixoid-challenge-0.1.3/challenge_spec.rb:66:in `block (2 levels) in <top (required)>'

  7) Unixoid test 14. should have commands.txt in my/private/files
     Failure/Error: expect(File.exist?('my/private/files/commands.txt')).to be true
       
       expected true
            got false
     # /Users/Jack/.rvm/gems/ruby-2.1.5/gems/unixoid-challenge-0.1.3/challenge_spec.rb:73:in `block (2 levels) in <top (required)>'

Finished in 0.00288 seconds (files took 0.08607 seconds to load)
14 examples, 7 failures

Failed examples:

rspec /Users/Jack/.rvm/gems/ruby-2.1.5/gems/unixoid-challenge-0.1.3/challenge_spec.rb:37 # Unixoid test 8. should have t-vars.count in my/public/files with an overall count
rspec /Users/Jack/.rvm/gems/ruby-2.1.5/gems/unixoid-challenge-0.1.3/challenge_spec.rb:42 # Unixoid test 9. should have rw access for the owner only on my/private/files/t-vars.env
rspec /Users/Jack/.rvm/gems/ruby-2.1.5/gems/unixoid-challenge-0.1.3/challenge_spec.rb:48 # Unixoid test 10. should only allow the owner to change into my/private/files
rspec /Users/Jack/.rvm/gems/ruby-2.1.5/gems/unixoid-challenge-0.1.3/challenge_spec.rb:56 # Unixoid test 11. should have rw permissions for all users on my/public/files/t-vars.count
rspec /Users/Jack/.rvm/gems/ruby-2.1.5/gems/unixoid-challenge-0.1.3/challenge_spec.rb:61 # Unixoid test 12. should have the count of text files in my/public/files/text-files-count.txt
rspec /Users/Jack/.rvm/gems/ruby-2.1.5/gems/unixoid-challenge-0.1.3/challenge_spec.rb:65 # Unixoid test 13. should have the the first three env vars in my/private/files/first-three-env.txt
rspec /Users/Jack/.rvm/gems/ruby-2.1.5/gems/unixoid-challenge-0.1.3/challenge_spec.rb:72 # Unixoid test 14. should have commands.txt in my/private/files


I, [2015-05-23T11:16:25.878467 #3974]  INFO -- : {
  "message": "Validation Failed",
  "errors": [
    {
      "resource": "Repository",
      "code": "custom",
      "field": "name",
      "message": "name already exists on this account"
    }
  ],
  "documentation_url": "https://developer.github.com/v3/repos/#create"
}

I, [2015-05-23T11:16:25.884570 #3974]  INFO -- : jack.halltipping@gmail.com

I, [2015-05-23T11:16:25.889931 #3974]  INFO -- : Jack Hall-Tipping

I, [2015-05-23T11:16:25.897052 #3974]  INFO -- : Reinitialized existing Git repository in /Users/Jack/Desktop/temp/.git/

I, [2015-05-23T11:16:25.903256 #3974]  INFO -- : 
I, [2015-05-23T11:16:25.911447 #3974]  INFO -- : [master d264e83] Unixoid submission
 1 file changed, 1 insertion(+), 1 deletion(-)

I, [2015-05-23T11:16:25.918655 #3974]  INFO -- : 
E, [2015-05-23T11:16:26.256155 #3974] ERROR -- : Command 'git push --force -u origin master 2>/dev/null' returned 128. Expected 0
Here is the command output:


I, [2015-05-23T11:16:26.262947 #3974]  INFO -- : 
I, [2015-05-23T11:18:19.758246 #4044]  INFO -- : ........FFFFFF

Failures:

  1) Unixoid test 9. should have rw access for the owner only on my/private/files/t-vars.env
     Failure/Error: expect(permissions).to eq(0100600) # rw for the user only
       
       expected: 33152
            got: 33188
       
       (compared using ==)
     # /Users/Jack/.rvm/gems/ruby-2.1.5/gems/unixoid-challenge-0.1.3/challenge_spec.rb:45:in `block (2 levels) in <top (required)>'

  2) Unixoid test 10. should only allow the owner to change into my/private/files
     Failure/Error: expect(permissions & 0000010).to eq(0)
       
       expected: 0
            got: 8
       
       (compared using ==)
     # /Users/Jack/.rvm/gems/ruby-2.1.5/gems/unixoid-challenge-0.1.3/challenge_spec.rb:52:in `block (2 levels) in <top (required)>'

  3) Unixoid test 11. should have rw permissions for all users on my/public/files/t-vars.count
     Failure/Error: expect(t_vars_permissions & 0666).to eq(0666)
       
       expected: 438
            got: 420
       
       (compared using ==)
     # /Users/Jack/.rvm/gems/ruby-2.1.5/gems/unixoid-challenge-0.1.3/challenge_spec.rb:58:in `block (2 levels) in <top (required)>'

  4) Unixoid test 12. should have the count of text files in my/public/files/text-files-count.txt
     Failure/Error: expect(File.read('my/public/files/text-files-count.txt')).to match(/^\s*\d{2,6}\s*$/)
     Errno::ENOENT:
       No such file or directory @ rb_sysopen - my/public/files/text-files-count.txt
     # /Users/Jack/.rvm/gems/ruby-2.1.5/gems/unixoid-challenge-0.1.3/challenge_spec.rb:62:in `read'
     # /Users/Jack/.rvm/gems/ruby-2.1.5/gems/unixoid-challenge-0.1.3/challenge_spec.rb:62:in `block (2 levels) in <top (required)>'

  5) Unixoid test 13. should have the the first three env vars in my/private/files/first-three-env.txt
     Failure/Error: lines = File.readlines('my/private/files/first-three-env.txt').map(&:chomp)
     Errno::ENOENT:
       No such file or directory @ rb_sysopen - my/private/files/first-three-env.txt
     # /Users/Jack/.rvm/gems/ruby-2.1.5/gems/unixoid-challenge-0.1.3/challenge_spec.rb:66:in `readlines'
     # /Users/Jack/.rvm/gems/ruby-2.1.5/gems/unixoid-challenge-0.1.3/challenge_spec.rb:66:in `block (2 levels) in <top (required)>'

  6) Unixoid test 14. should have commands.txt in my/private/files
     Failure/Error: expect(File.exist?('my/private/files/commands.txt')).to be true
       
       expected true
            got false
     # /Users/Jack/.rvm/gems/ruby-2.1.5/gems/unixoid-challenge-0.1.3/challenge_spec.rb:73:in `block (2 levels) in <top (required)>'

Finished in 0.00302 seconds (files took 0.08868 seconds to load)
14 examples, 6 failures

Failed examples:

rspec /Users/Jack/.rvm/gems/ruby-2.1.5/gems/unixoid-challenge-0.1.3/challenge_spec.rb:42 # Unixoid test 9. should have rw access for the owner only on my/private/files/t-vars.env
rspec /Users/Jack/.rvm/gems/ruby-2.1.5/gems/unixoid-challenge-0.1.3/challenge_spec.rb:48 # Unixoid test 10. should only allow the owner to change into my/private/files
rspec /Users/Jack/.rvm/gems/ruby-2.1.5/gems/unixoid-challenge-0.1.3/challenge_spec.rb:56 # Unixoid test 11. should have rw permissions for all users on my/public/files/t-vars.count
rspec /Users/Jack/.rvm/gems/ruby-2.1.5/gems/unixoid-challenge-0.1.3/challenge_spec.rb:61 # Unixoid test 12. should have the count of text files in my/public/files/text-files-count.txt
rspec /Users/Jack/.rvm/gems/ruby-2.1.5/gems/unixoid-challenge-0.1.3/challenge_spec.rb:65 # Unixoid test 13. should have the the first three env vars in my/private/files/first-three-env.txt
rspec /Users/Jack/.rvm/gems/ruby-2.1.5/gems/unixoid-challenge-0.1.3/challenge_spec.rb:72 # Unixoid test 14. should have commands.txt in my/private/files


I, [2015-05-23T11:18:26.402456 #4044]  INFO -- : {
  "message": "Validation Failed",
  "errors": [
    {
      "resource": "Repository",
      "code": "custom",
      "field": "name",
      "message": "name already exists on this account"
    }
  ],
  "documentation_url": "https://developer.github.com/v3/repos/#create"
}

I, [2015-05-23T11:18:26.407968 #4044]  INFO -- : jack.halltipping@gmail.com

I, [2015-05-23T11:18:26.413193 #4044]  INFO -- : Jack Hall-Tipping

I, [2015-05-23T11:18:26.420216 #4044]  INFO -- : Reinitialized existing Git repository in /Users/Jack/Desktop/temp/.git/

I, [2015-05-23T11:18:26.426437 #4044]  INFO -- : 
I, [2015-05-23T11:18:26.434603 #4044]  INFO -- : [master 48e1b86] Unixoid submission
 1 file changed, 1 insertion(+), 1 deletion(-)

I, [2015-05-23T11:18:26.441501 #4044]  INFO -- : 
E, [2015-05-23T11:18:26.780593 #4044] ERROR -- : Command 'git push --force -u origin master 2>/dev/null' returned 128. Expected 0
Here is the command output:


I, [2015-05-23T11:18:26.787239 #4044]  INFO -- : 
I, [2015-05-23T11:21:38.122183 #4110]  INFO -- : .........FFFFF

Failures:

  1) Unixoid test 10. should only allow the owner to change into my/private/files
     Failure/Error: expect(permissions & 0000010).to eq(0)
       
       expected: 0
            got: 8
       
       (compared using ==)
     # /Users/Jack/.rvm/gems/ruby-2.1.5/gems/unixoid-challenge-0.1.3/challenge_spec.rb:52:in `block (2 levels) in <top (required)>'

  2) Unixoid test 11. should have rw permissions for all users on my/public/files/t-vars.count
     Failure/Error: expect(t_vars_permissions & 0666).to eq(0666)
       
       expected: 438
            got: 420
       
       (compared using ==)
     # /Users/Jack/.rvm/gems/ruby-2.1.5/gems/unixoid-challenge-0.1.3/challenge_spec.rb:58:in `block (2 levels) in <top (required)>'

  3) Unixoid test 12. should have the count of text files in my/public/files/text-files-count.txt
     Failure/Error: expect(File.read('my/public/files/text-files-count.txt')).to match(/^\s*\d{2,6}\s*$/)
     Errno::ENOENT:
       No such file or directory @ rb_sysopen - my/public/files/text-files-count.txt
     # /Users/Jack/.rvm/gems/ruby-2.1.5/gems/unixoid-challenge-0.1.3/challenge_spec.rb:62:in `read'
     # /Users/Jack/.rvm/gems/ruby-2.1.5/gems/unixoid-challenge-0.1.3/challenge_spec.rb:62:in `block (2 levels) in <top (required)>'

  4) Unixoid test 13. should have the the first three env vars in my/private/files/first-three-env.txt
     Failure/Error: lines = File.readlines('my/private/files/first-three-env.txt').map(&:chomp)
     Errno::ENOENT:
       No such file or directory @ rb_sysopen - my/private/files/first-three-env.txt
     # /Users/Jack/.rvm/gems/ruby-2.1.5/gems/unixoid-challenge-0.1.3/challenge_spec.rb:66:in `readlines'
     # /Users/Jack/.rvm/gems/ruby-2.1.5/gems/unixoid-challenge-0.1.3/challenge_spec.rb:66:in `block (2 levels) in <top (required)>'

  5) Unixoid test 14. should have commands.txt in my/private/files
     Failure/Error: expect(File.exist?('my/private/files/commands.txt')).to be true
       
       expected true
            got false
     # /Users/Jack/.rvm/gems/ruby-2.1.5/gems/unixoid-challenge-0.1.3/challenge_spec.rb:73:in `block (2 levels) in <top (required)>'

Finished in 0.00303 seconds (files took 0.0904 seconds to load)
14 examples, 5 failures

Failed examples:

rspec /Users/Jack/.rvm/gems/ruby-2.1.5/gems/unixoid-challenge-0.1.3/challenge_spec.rb:48 # Unixoid test 10. should only allow the owner to change into my/private/files
rspec /Users/Jack/.rvm/gems/ruby-2.1.5/gems/unixoid-challenge-0.1.3/challenge_spec.rb:56 # Unixoid test 11. should have rw permissions for all users on my/public/files/t-vars.count
rspec /Users/Jack/.rvm/gems/ruby-2.1.5/gems/unixoid-challenge-0.1.3/challenge_spec.rb:61 # Unixoid test 12. should have the count of text files in my/public/files/text-files-count.txt
rspec /Users/Jack/.rvm/gems/ruby-2.1.5/gems/unixoid-challenge-0.1.3/challenge_spec.rb:65 # Unixoid test 13. should have the the first three env vars in my/private/files/first-three-env.txt
rspec /Users/Jack/.rvm/gems/ruby-2.1.5/gems/unixoid-challenge-0.1.3/challenge_spec.rb:72 # Unixoid test 14. should have commands.txt in my/private/files


I, [2015-05-23T11:21:43.238087 #4110]  INFO -- : {
  "message": "Validation Failed",
  "errors": [
    {
      "resource": "Repository",
      "code": "custom",
      "field": "name",
      "message": "name already exists on this account"
    }
  ],
  "documentation_url": "https://developer.github.com/v3/repos/#create"
}

I, [2015-05-23T11:21:43.243783 #4110]  INFO -- : jack.halltipping@gmail.com

I, [2015-05-23T11:21:43.249136 #4110]  INFO -- : Jack Hall-Tipping

I, [2015-05-23T11:21:43.256229 #4110]  INFO -- : Reinitialized existing Git repository in /Users/Jack/Desktop/temp/.git/

I, [2015-05-23T11:21:43.262625 #4110]  INFO -- : 
I, [2015-05-23T11:21:43.270976 #4110]  INFO -- : [master 83437dd] Unixoid submission
 1 file changed, 1 insertion(+), 1 deletion(-)

I, [2015-05-23T11:21:43.278181 #4110]  INFO -- : 
E, [2015-05-23T11:21:43.614642 #4110] ERROR -- : Command 'git push --force -u origin master 2>/dev/null' returned 128. Expected 0
Here is the command output:


I, [2015-05-23T11:21:43.621336 #4110]  INFO -- : 
I, [2015-05-23T11:22:30.503714 #4148]  INFO -- : ..........FFFF

Failures:

  1) Unixoid test 11. should have rw permissions for all users on my/public/files/t-vars.count
     Failure/Error: expect(t_vars_permissions & 0666).to eq(0666)
       
       expected: 438
            got: 420
       
       (compared using ==)
     # /Users/Jack/.rvm/gems/ruby-2.1.5/gems/unixoid-challenge-0.1.3/challenge_spec.rb:58:in `block (2 levels) in <top (required)>'

  2) Unixoid test 12. should have the count of text files in my/public/files/text-files-count.txt
     Failure/Error: expect(File.read('my/public/files/text-files-count.txt')).to match(/^\s*\d{2,6}\s*$/)
     Errno::ENOENT:
       No such file or directory @ rb_sysopen - my/public/files/text-files-count.txt
     # /Users/Jack/.rvm/gems/ruby-2.1.5/gems/unixoid-challenge-0.1.3/challenge_spec.rb:62:in `read'
     # /Users/Jack/.rvm/gems/ruby-2.1.5/gems/unixoid-challenge-0.1.3/challenge_spec.rb:62:in `block (2 levels) in <top (required)>'

  3) Unixoid test 13. should have the the first three env vars in my/private/files/first-three-env.txt
     Failure/Error: lines = File.readlines('my/private/files/first-three-env.txt').map(&:chomp)
     Errno::ENOENT:
       No such file or directory @ rb_sysopen - my/private/files/first-three-env.txt
     # /Users/Jack/.rvm/gems/ruby-2.1.5/gems/unixoid-challenge-0.1.3/challenge_spec.rb:66:in `readlines'
     # /Users/Jack/.rvm/gems/ruby-2.1.5/gems/unixoid-challenge-0.1.3/challenge_spec.rb:66:in `block (2 levels) in <top (required)>'

  4) Unixoid test 14. should have commands.txt in my/private/files
     Failure/Error: expect(File.exist?('my/private/files/commands.txt')).to be true
       
       expected true
            got false
     # /Users/Jack/.rvm/gems/ruby-2.1.5/gems/unixoid-challenge-0.1.3/challenge_spec.rb:73:in `block (2 levels) in <top (required)>'

Finished in 0.00281 seconds (files took 0.08894 seconds to load)
14 examples, 4 failures

Failed examples:

rspec /Users/Jack/.rvm/gems/ruby-2.1.5/gems/unixoid-challenge-0.1.3/challenge_spec.rb:56 # Unixoid test 11. should have rw permissions for all users on my/public/files/t-vars.count
rspec /Users/Jack/.rvm/gems/ruby-2.1.5/gems/unixoid-challenge-0.1.3/challenge_spec.rb:61 # Unixoid test 12. should have the count of text files in my/public/files/text-files-count.txt
rspec /Users/Jack/.rvm/gems/ruby-2.1.5/gems/unixoid-challenge-0.1.3/challenge_spec.rb:65 # Unixoid test 13. should have the the first three env vars in my/private/files/first-three-env.txt
rspec /Users/Jack/.rvm/gems/ruby-2.1.5/gems/unixoid-challenge-0.1.3/challenge_spec.rb:72 # Unixoid test 14. should have commands.txt in my/private/files


I, [2015-05-23T11:22:35.541604 #4148]  INFO -- : {
  "message": "Validation Failed",
  "errors": [
    {
      "resource": "Repository",
      "code": "custom",
      "field": "name",
      "message": "name already exists on this account"
    }
  ],
  "documentation_url": "https://developer.github.com/v3/repos/#create"
}

I, [2015-05-23T11:22:35.547322 #4148]  INFO -- : jack.halltipping@gmail.com

I, [2015-05-23T11:22:35.552714 #4148]  INFO -- : Jack Hall-Tipping

I, [2015-05-23T11:22:35.560044 #4148]  INFO -- : Reinitialized existing Git repository in /Users/Jack/Desktop/temp/.git/

I, [2015-05-23T11:22:35.566404 #4148]  INFO -- : 
I, [2015-05-23T11:22:35.574628 #4148]  INFO -- : [master b8c6001] Unixoid submission
 1 file changed, 1 insertion(+), 1 deletion(-)

I, [2015-05-23T11:22:35.581912 #4148]  INFO -- : 
E, [2015-05-23T11:22:35.913698 #4148] ERROR -- : Command 'git push --force -u origin master 2>/dev/null' returned 128. Expected 0
Here is the command output:


I, [2015-05-23T11:22:35.920453 #4148]  INFO -- : 
I, [2015-05-23T11:28:07.082626 #4192]  INFO -- : ...........FFF

Failures:

  1) Unixoid test 12. should have the count of text files in my/public/files/text-files-count.txt
     Failure/Error: expect(File.read('my/public/files/text-files-count.txt')).to match(/^\s*\d{2,6}\s*$/)
       expected "" to match /^\s*\d{2,6}\s*$/
       Diff:
       @@ -1,2 +1,2 @@
       -/^\s*\d{2,6}\s*$/
       +""
     # /Users/Jack/.rvm/gems/ruby-2.1.5/gems/unixoid-challenge-0.1.3/challenge_spec.rb:62:in `block (2 levels) in <top (required)>'

  2) Unixoid test 13. should have the the first three env vars in my/private/files/first-three-env.txt
     Failure/Error: lines = File.readlines('my/private/files/first-three-env.txt').map(&:chomp)
     Errno::ENOENT:
       No such file or directory @ rb_sysopen - my/private/files/first-three-env.txt
     # /Users/Jack/.rvm/gems/ruby-2.1.5/gems/unixoid-challenge-0.1.3/challenge_spec.rb:66:in `readlines'
     # /Users/Jack/.rvm/gems/ruby-2.1.5/gems/unixoid-challenge-0.1.3/challenge_spec.rb:66:in `block (2 levels) in <top (required)>'

  3) Unixoid test 14. should have commands.txt in my/private/files
     Failure/Error: expect(File.exist?('my/private/files/commands.txt')).to be true
       
       expected true
            got false
     # /Users/Jack/.rvm/gems/ruby-2.1.5/gems/unixoid-challenge-0.1.3/challenge_spec.rb:73:in `block (2 levels) in <top (required)>'

Finished in 0.00335 seconds (files took 0.0886 seconds to load)
14 examples, 3 failures

Failed examples:

rspec /Users/Jack/.rvm/gems/ruby-2.1.5/gems/unixoid-challenge-0.1.3/challenge_spec.rb:61 # Unixoid test 12. should have the count of text files in my/public/files/text-files-count.txt
rspec /Users/Jack/.rvm/gems/ruby-2.1.5/gems/unixoid-challenge-0.1.3/challenge_spec.rb:65 # Unixoid test 13. should have the the first three env vars in my/private/files/first-three-env.txt
rspec /Users/Jack/.rvm/gems/ruby-2.1.5/gems/unixoid-challenge-0.1.3/challenge_spec.rb:72 # Unixoid test 14. should have commands.txt in my/private/files


I, [2015-05-23T11:28:18.402708 #4192]  INFO -- : {
  "message": "Validation Failed",
  "errors": [
    {
      "resource": "Repository",
      "code": "custom",
      "field": "name",
      "message": "name already exists on this account"
    }
  ],
  "documentation_url": "https://developer.github.com/v3/repos/#create"
}

I, [2015-05-23T11:28:18.408991 #4192]  INFO -- : jack.halltipping@gmail.com

I, [2015-05-23T11:28:18.414376 #4192]  INFO -- : Jack Hall-Tipping

I, [2015-05-23T11:28:18.421516 #4192]  INFO -- : Reinitialized existing Git repository in /Users/Jack/Desktop/temp/.git/

I, [2015-05-23T11:28:18.427842 #4192]  INFO -- : 
I, [2015-05-23T11:28:18.436527 #4192]  INFO -- : [master afac2f6] Unixoid submission
 1 file changed, 1 insertion(+), 1 deletion(-)

I, [2015-05-23T11:28:18.443671 #4192]  INFO -- : 
E, [2015-05-23T11:28:18.785044 #4192] ERROR -- : Command 'git push --force -u origin master 2>/dev/null' returned 128. Expected 0
Here is the command output:


I, [2015-05-23T11:28:18.792260 #4192]  INFO -- : 
I, [2015-05-23T11:30:19.529865 #4232]  INFO -- : ............FF

Failures:

  1) Unixoid test 13. should have the the first three env vars in my/private/files/first-three-env.txt
     Failure/Error: lines = File.readlines('my/private/files/first-three-env.txt').map(&:chomp)
     Errno::ENOENT:
       No such file or directory @ rb_sysopen - my/private/files/first-three-env.txt
     # /Users/Jack/.rvm/gems/ruby-2.1.5/gems/unixoid-challenge-0.1.3/challenge_spec.rb:66:in `readlines'
     # /Users/Jack/.rvm/gems/ruby-2.1.5/gems/unixoid-challenge-0.1.3/challenge_spec.rb:66:in `block (2 levels) in <top (required)>'

  2) Unixoid test 14. should have commands.txt in my/private/files
     Failure/Error: expect(File.exist?('my/private/files/commands.txt')).to be true
       
       expected true
            got false
     # /Users/Jack/.rvm/gems/ruby-2.1.5/gems/unixoid-challenge-0.1.3/challenge_spec.rb:73:in `block (2 levels) in <top (required)>'

Finished in 0.00287 seconds (files took 0.08402 seconds to load)
14 examples, 2 failures

Failed examples:

rspec /Users/Jack/.rvm/gems/ruby-2.1.5/gems/unixoid-challenge-0.1.3/challenge_spec.rb:65 # Unixoid test 13. should have the the first three env vars in my/private/files/first-three-env.txt
rspec /Users/Jack/.rvm/gems/ruby-2.1.5/gems/unixoid-challenge-0.1.3/challenge_spec.rb:72 # Unixoid test 14. should have commands.txt in my/private/files


I, [2015-05-23T11:30:24.647049 #4232]  INFO -- : {
  "message": "Validation Failed",
  "errors": [
    {
      "resource": "Repository",
      "code": "custom",
      "field": "name",
      "message": "name already exists on this account"
    }
  ],
  "documentation_url": "https://developer.github.com/v3/repos/#create"
}

I, [2015-05-23T11:30:24.653225 #4232]  INFO -- : jack.halltipping@gmail.com

I, [2015-05-23T11:30:24.658496 #4232]  INFO -- : Jack Hall-Tipping

I, [2015-05-23T11:30:24.665797 #4232]  INFO -- : Reinitialized existing Git repository in /Users/Jack/Desktop/temp/.git/

I, [2015-05-23T11:30:24.672025 #4232]  INFO -- : 
I, [2015-05-23T11:30:24.680210 #4232]  INFO -- : [master 7204b92] Unixoid submission
 1 file changed, 1 insertion(+), 1 deletion(-)

I, [2015-05-23T11:30:24.687474 #4232]  INFO -- : 
E, [2015-05-23T11:30:25.006538 #4232] ERROR -- : Command 'git push --force -u origin master 2>/dev/null' returned 128. Expected 0
Here is the command output:


I, [2015-05-23T11:30:25.013191 #4232]  INFO -- : 
I, [2015-05-23T11:35:25.145406 #4299]  INFO -- : .............F

Failures:

  1) Unixoid test 14. should have commands.txt in my/private/files
     Failure/Error: expect(File.exist?('my/private/files/commands.txt')).to be true
       
       expected true
            got false
     # /Users/Jack/.rvm/gems/ruby-2.1.5/gems/unixoid-challenge-0.1.3/challenge_spec.rb:73:in `block (2 levels) in <top (required)>'

Finished in 0.01323 seconds (files took 0.08878 seconds to load)
14 examples, 1 failure

Failed examples:

rspec /Users/Jack/.rvm/gems/ruby-2.1.5/gems/unixoid-challenge-0.1.3/challenge_spec.rb:72 # Unixoid test 14. should have commands.txt in my/private/files


I, [2015-05-23T11:35:30.068951 #4299]  INFO -- : {
  "message": "Validation Failed",
  "errors": [
    {
      "resource": "Repository",
      "code": "custom",
      "field": "name",
      "message": "name already exists on this account"
    }
  ],
  "documentation_url": "https://developer.github.com/v3/repos/#create"
}

I, [2015-05-23T11:35:30.075782 #4299]  INFO -- : jack.halltipping@gmail.com

I, [2015-05-23T11:35:30.081123 #4299]  INFO -- : Jack Hall-Tipping

I, [2015-05-23T11:35:30.088494 #4299]  INFO -- : Reinitialized existing Git repository in /Users/Jack/Desktop/temp/.git/

I, [2015-05-23T11:35:30.094853 #4299]  INFO -- : 
I, [2015-05-23T11:35:30.104152 #4299]  INFO -- : [master 6346ef9] Unixoid submission
 1 file changed, 1 insertion(+), 1 deletion(-)

I, [2015-05-23T11:35:30.111393 #4299]  INFO -- : 
E, [2015-05-23T11:35:30.469450 #4299] ERROR -- : Command 'git push --force -u origin master 2>/dev/null' returned 128. Expected 0
Here is the command output:


I, [2015-05-23T11:35:30.476038 #4299]  INFO -- : 
I, [2015-05-23T11:36:46.949643 #4339]  INFO -- : ..............

Finished in 0.01034 seconds (files took 0.09082 seconds to load)
14 examples, 0 failures


I, [2015-05-23T11:36:54.044365 #4339]  INFO -- : {
  "message": "Validation Failed",
  "errors": [
    {
      "resource": "Repository",
      "code": "custom",
      "field": "name",
      "message": "name already exists on this account"
    }
  ],
  "documentation_url": "https://developer.github.com/v3/repos/#create"
}

I, [2015-05-23T11:36:54.051408 #4339]  INFO -- : jack.halltipping@gmail.com

I, [2015-05-23T11:36:54.056813 #4339]  INFO -- : Jack Hall-Tipping

I, [2015-05-23T11:36:54.063996 #4339]  INFO -- : Reinitialized existing Git repository in /Users/Jack/Desktop/temp/.git/

I, [2015-05-23T11:36:54.070289 #4339]  INFO -- : 
I, [2015-05-23T11:36:54.078829 #4339]  INFO -- : [master 4b35d17] Unixoid submission
 1 file changed, 1 insertion(+), 1 deletion(-)

I, [2015-05-23T11:36:54.085686 #4339]  INFO -- : 
E, [2015-05-23T11:36:54.409680 #4339] ERROR -- : Command 'git push --force -u origin master 2>/dev/null' returned 128. Expected 0
Here is the command output:


I, [2015-05-23T11:36:54.416330 #4339]  INFO -- : 
